[2020-04-20 12:27:52] alias_delete_execute
alias_delete_execute () 
{ 
    for _path in "$rvm_rubies_path" "$rvm_gems_path" "$rvm_environments_path" "$rvm_wrappers_path";
    do
        if [[ -L "$_path/$1" ]]; then
            \command \rm -fv "$_path/$1" || return $?;
        fi;
    done;
    __rvm_db_ "$rvm_path/config/alias" "$1" "delete";
    alias_after_delete_default "$1" || return $?
}
current path: /home/oksana
GEM_HOME=/home/oksana/.rvm/gems/ruby-2.7.1
GEM_PATH=/home/oksana/.rvm/gems/ruby-2.7.1:/home/oksana/.rvm/gems/ruby-2.7.1@global
PATH=/home/oksana/.rvm/gems/ruby-2.7.1/bin:/home/oksana/.rvm/gems/ruby-2.7.1@global/bin:/home/oksana/.rvm/rubies/ruby-2.7.1/bin:/home/oksana/.rvm/bin:/usr/local/sbin:/usr/local/bin:/usr/sbin:/usr/bin:/sbin:/bin:/usr/games:/usr/local/games:/mnt/c/Program Files/WindowsApps/CanonicalGroupLimited.UbuntuonWindows_1804.2020.5.0_x64__79rhkp1fndgsc:/mnt/c/WINDOWS/system32:/mnt/c/WINDOWS:/mnt/c/WINDOWS/System32/Wbem:/mnt/c/WINDOWS/System32/WindowsPowerShell/v1.0:/mnt/c/Program Files/7-Zip:/mnt/c/Program Files (x86)/ATI Technologies/ATI.ACE/Core-Static:/mnt/c/WINDOWS/System32/OpenSSH:/mnt/c/Program Files/Git/cmd:/mnt/c/RailsInstaller/Git/cmd:/mnt/c/RailsInstaller/Ruby2.3.3/bin:/mnt/c/Ruby27-x64/bin:/mnt/c/Ruby26-x64/bin:/mnt/c/Users/oksana/AppData/Local/Microsoft/WindowsApps:/snap/bin
command(2): alias_delete_execute default
+ for _path in "$rvm_rubies_path" "$rvm_gems_path" "$rvm_environments_path" "$rvm_wrappers_path"
+ [[ -L /home/oksana/.rvm/rubies/default ]]
+ for _path in "$rvm_rubies_path" "$rvm_gems_path" "$rvm_environments_path" "$rvm_wrappers_path"
+ [[ -L /home/oksana/.rvm/gems/default ]]
+ for _path in "$rvm_rubies_path" "$rvm_gems_path" "$rvm_environments_path" "$rvm_wrappers_path"
+ [[ -L /home/oksana/.rvm/environments/default ]]
+ for _path in "$rvm_rubies_path" "$rvm_gems_path" "$rvm_environments_path" "$rvm_wrappers_path"
+ [[ -L /home/oksana/.rvm/wrappers/default ]]
+ __rvm_db_ /home/oksana/.rvm/config/alias default delete
+ typeset __db __key __value
+ __db=/home/oksana/.rvm/config/alias
+ __key=default
+ shift 2
+ __value=delete
+ case "${__value}" in
+ __rvm_db_remove /home/oksana/.rvm/config/alias default
+ [[ -f /home/oksana/.rvm/config/alias ]]
+ __rvm_sed -e '\#^default=# d' -e '/^$/d' /home/oksana/.rvm/config/alias
+ sed -e '\#^default=# d' -e '/^$/d' /home/oksana/.rvm/config/alias
+ command mv -f /home/oksana/.rvm/config/alias.new /home/oksana/.rvm/config/alias
+ mv -f /home/oksana/.rvm/config/alias.new /home/oksana/.rvm/config/alias
+ alias_after_delete_default default
+ [[ default == \d\e\f\a\u\l\t ]]
+ for _path in "$rvm_bin_path"/default_*
+ [[ -f /home/oksana/.rvm/bin/default_* ]]
+ _path='/home/oksana/.rvm/bin/default_*'
+ [[ -f /home/oksana/.rvm/bin/default_* ]]
+ for _path in "$rvm_path"/wrappers/default/* gem irb erb ri rdoc testrb rake ruby bundle
+ _path='*'
+ command rm -fv '/home/oksana/.rvm/bin/*'
+ rm -fv '/home/oksana/.rvm/bin/*'
+ for _path in "$rvm_path"/wrappers/default/* gem irb erb ri rdoc testrb rake ruby bundle
+ _path=gem
+ command rm -fv /home/oksana/.rvm/bin/gem
+ rm -fv /home/oksana/.rvm/bin/gem
+ for _path in "$rvm_path"/wrappers/default/* gem irb erb ri rdoc testrb rake ruby bundle
+ _path=irb
+ command rm -fv /home/oksana/.rvm/bin/irb
+ rm -fv /home/oksana/.rvm/bin/irb
+ for _path in "$rvm_path"/wrappers/default/* gem irb erb ri rdoc testrb rake ruby bundle
+ _path=erb
+ command rm -fv /home/oksana/.rvm/bin/erb
+ rm -fv /home/oksana/.rvm/bin/erb
+ for _path in "$rvm_path"/wrappers/default/* gem irb erb ri rdoc testrb rake ruby bundle
+ _path=ri
+ command rm -fv /home/oksana/.rvm/bin/ri
+ rm -fv /home/oksana/.rvm/bin/ri
+ for _path in "$rvm_path"/wrappers/default/* gem irb erb ri rdoc testrb rake ruby bundle
+ _path=rdoc
+ command rm -fv /home/oksana/.rvm/bin/rdoc
+ rm -fv /home/oksana/.rvm/bin/rdoc
+ for _path in "$rvm_path"/wrappers/default/* gem irb erb ri rdoc testrb rake ruby bundle
+ _path=testrb
+ command rm -fv /home/oksana/.rvm/bin/testrb
+ rm -fv /home/oksana/.rvm/bin/testrb
+ for _path in "$rvm_path"/wrappers/default/* gem irb erb ri rdoc testrb rake ruby bundle
+ _path=rake
+ command rm -fv /home/oksana/.rvm/bin/rake
+ rm -fv /home/oksana/.rvm/bin/rake
+ for _path in "$rvm_path"/wrappers/default/* gem irb erb ri rdoc testrb rake ruby bundle
+ _path=ruby
+ command rm -fv /home/oksana/.rvm/bin/ruby
+ rm -fv /home/oksana/.rvm/bin/ruby
+ for _path in "$rvm_path"/wrappers/default/* gem irb erb ri rdoc testrb rake ruby bundle
+ _path=bundle
+ command rm -fv /home/oksana/.rvm/bin/bundle
+ rm -fv /home/oksana/.rvm/bin/bundle
