[2020-04-20 12:28:20] alias_create_execute
alias_create_execute () 
{ 
    for _path in "$rvm_rubies_path" "$rvm_gems_path" "$rvm_environments_path" "$rvm_wrappers_path";
    do
        if [[ -L "$_path/$alias_name" ]]; then
            \command \rm -fv "$_path/$alias_name" || return $?;
        fi;
        \command \ln -fs "$_path/$rvm_ruby_string" "$_path/$alias_name" || return $?;
    done;
    __rvm_db_ "$rvm_path/config/alias" "$alias_name" "$rvm_ruby_string"
}
current path: /home/oksana
GEM_HOME=/home/oksana/.rvm/gems/ruby-2.7.1
GEM_PATH=/home/oksana/.rvm/gems/ruby-2.7.1:/home/oksana/.rvm/gems/ruby-2.7.1@global
PATH=/home/oksana/.rvm/gems/ruby-2.7.1/bin:/home/oksana/.rvm/gems/ruby-2.7.1@global/bin:/home/oksana/.rvm/rubies/ruby-2.7.1/bin:/home/oksana/.rvm/bin:/usr/local/sbin:/usr/local/bin:/usr/sbin:/usr/bin:/sbin:/bin:/usr/games:/usr/local/games:/mnt/c/Program Files/WindowsApps/CanonicalGroupLimited.UbuntuonWindows_1804.2020.5.0_x64__79rhkp1fndgsc:/mnt/c/WINDOWS/system32:/mnt/c/WINDOWS:/mnt/c/WINDOWS/System32/Wbem:/mnt/c/WINDOWS/System32/WindowsPowerShell/v1.0:/mnt/c/Program Files/7-Zip:/mnt/c/Program Files (x86)/ATI Technologies/ATI.ACE/Core-Static:/mnt/c/WINDOWS/System32/OpenSSH:/mnt/c/Program Files/Git/cmd:/mnt/c/RailsInstaller/Git/cmd:/mnt/c/RailsInstaller/Ruby2.3.3/bin:/mnt/c/Ruby27-x64/bin:/mnt/c/Ruby26-x64/bin:/mnt/c/Users/oksana/AppData/Local/Microsoft/WindowsApps:/snap/bin
command(1): alias_create_execute
+ for _path in "$rvm_rubies_path" "$rvm_gems_path" "$rvm_environments_path" "$rvm_wrappers_path"
+ [[ -L /home/oksana/.rvm/rubies/default ]]
+ command ln -fs /home/oksana/.rvm/rubies/ruby-2.7.1 /home/oksana/.rvm/rubies/default
+ ln -fs /home/oksana/.rvm/rubies/ruby-2.7.1 /home/oksana/.rvm/rubies/default
+ for _path in "$rvm_rubies_path" "$rvm_gems_path" "$rvm_environments_path" "$rvm_wrappers_path"
+ [[ -L /home/oksana/.rvm/gems/default ]]
+ command ln -fs /home/oksana/.rvm/gems/ruby-2.7.1 /home/oksana/.rvm/gems/default
+ ln -fs /home/oksana/.rvm/gems/ruby-2.7.1 /home/oksana/.rvm/gems/default
+ for _path in "$rvm_rubies_path" "$rvm_gems_path" "$rvm_environments_path" "$rvm_wrappers_path"
+ [[ -L /home/oksana/.rvm/environments/default ]]
+ command ln -fs /home/oksana/.rvm/environments/ruby-2.7.1 /home/oksana/.rvm/environments/default
+ ln -fs /home/oksana/.rvm/environments/ruby-2.7.1 /home/oksana/.rvm/environments/default
+ for _path in "$rvm_rubies_path" "$rvm_gems_path" "$rvm_environments_path" "$rvm_wrappers_path"
+ [[ -L /home/oksana/.rvm/wrappers/default ]]
+ command ln -fs /home/oksana/.rvm/wrappers/ruby-2.7.1 /home/oksana/.rvm/wrappers/default
+ ln -fs /home/oksana/.rvm/wrappers/ruby-2.7.1 /home/oksana/.rvm/wrappers/default
+ __rvm_db_ /home/oksana/.rvm/config/alias default ruby-2.7.1
+ typeset __db __key __value
+ __db=/home/oksana/.rvm/config/alias
+ __key=default
+ shift 2
+ __value=ruby-2.7.1
+ case "${__value}" in
+ __rvm_db_add /home/oksana/.rvm/config/alias default ruby-2.7.1
+ typeset __dir=/home/oksana/.rvm/config
+ [[ -f /home/oksana/.rvm/config/alias ]]
+ __rvm_db_remove /home/oksana/.rvm/config/alias default
+ [[ -f /home/oksana/.rvm/config/alias ]]
+ __rvm_sed -e '\#^default=# d' -e '/^$/d' /home/oksana/.rvm/config/alias
+ sed -e '\#^default=# d' -e '/^$/d' /home/oksana/.rvm/config/alias
+ command mv -f /home/oksana/.rvm/config/alias.new /home/oksana/.rvm/config/alias
+ mv -f /home/oksana/.rvm/config/alias.new /home/oksana/.rvm/config/alias
+ printf '%b=%b\n' default ruby-2.7.1
